0 info it worked if it ends with ok
1 verbose cli [ '/usr/bin/node',
1 verbose cli   '/usr/bin/npm',
1 verbose cli   'i',
1 verbose cli   '--save-dev',
1 verbose cli   '@types/short-uuid' ]
2 info using npm@3.5.2
3 info using node@v8.10.0
4 silly loadCurrentTree Starting
5 silly install loadCurrentTree
6 silly install readLocalPackageData
7 silly fetchPackageMetaData @types/short-uuid
8 silly fetchNamedPackageData @types/short-uuid
9 silly mapToRegistry name @types/short-uuid
10 silly mapToRegistry scope (from package name) @types
11 verbose mapToRegistry no registry URL found in name for scope @types
12 silly mapToRegistry using default registry
13 silly mapToRegistry registry https://registry.npmjs.org/
14 silly mapToRegistry uri https://registry.npmjs.org/@types%2fshort-uuid
15 verbose request uri https://registry.npmjs.org/@types%2fshort-uuid
16 verbose request no auth needed
17 info attempt registry request try #1 at 11:40:47 PM
18 verbose request using bearer token for auth
19 verbose request id 301dd51a6c1dfc37
20 http request GET https://registry.npmjs.org/@types%2fshort-uuid
21 http 404 https://registry.npmjs.org/@types%2fshort-uuid
22 verbose headers { date: 'Sat, 25 Apr 2020 21:40:47 GMT',
22 verbose headers   'content-type': 'application/json',
22 verbose headers   'content-length': '21',
22 verbose headers   connection: 'keep-alive',
22 verbose headers   'set-cookie':
22 verbose headers    [ '__cfduid=dfc26a4b377f8421f4a0dfb50fd0cd0531587850847; expires=Mon, 25-May-20 21:40:47 GMT; path=/; domain=.npmjs.org; HttpOnly; SameSite=Lax' ],
22 verbose headers   'expect-ct': 'max-age=604800, report-uri="https://report-uri.cloudflare.com/cdn-cgi/beacon/expect-ct"',
22 verbose headers   vary: 'Accept-Encoding',
22 verbose headers   server: 'cloudflare',
22 verbose headers   'cf-ray': '589b39726e15d43b-BUD',
22 verbose headers   'cf-request-id': '0254e23b820000d43bd6936200000001' }
23 silly get cb [ 404,
23 silly get   { date: 'Sat, 25 Apr 2020 21:40:47 GMT',
23 silly get     'content-type': 'application/json',
23 silly get     'content-length': '21',
23 silly get     connection: 'keep-alive',
23 silly get     'set-cookie':
23 silly get      [ '__cfduid=dfc26a4b377f8421f4a0dfb50fd0cd0531587850847; expires=Mon, 25-May-20 21:40:47 GMT; path=/; domain=.npmjs.org; HttpOnly; SameSite=Lax' ],
23 silly get     'expect-ct': 'max-age=604800, report-uri="https://report-uri.cloudflare.com/cdn-cgi/beacon/expect-ct"',
23 silly get     vary: 'Accept-Encoding',
23 silly get     server: 'cloudflare',
23 silly get     'cf-ray': '589b39726e15d43b-BUD',
23 silly get     'cf-request-id': '0254e23b820000d43bd6936200000001' } ]
24 silly fetchPackageMetaData Error: Not found : @types/short-uuid
24 silly fetchPackageMetaData     at makeError (/usr/share/npm/node_modules/npm-registry-client/lib/request.js:264:12)
24 silly fetchPackageMetaData     at CachingRegistryClient.<anonymous> (/usr/share/npm/node_modules/npm-registry-client/lib/request.js:252:14)
24 silly fetchPackageMetaData     at Request._callback (/usr/share/npm/node_modules/npm-registry-client/lib/request.js:172:14)
24 silly fetchPackageMetaData     at Request.self.callback (/usr/share/npm/node_modules/request/request.js:198:22)
24 silly fetchPackageMetaData     at emitTwo (events.js:126:13)
24 silly fetchPackageMetaData     at Request.emit (events.js:214:7)
24 silly fetchPackageMetaData     at Request.<anonymous> (/usr/share/npm/node_modules/request/request.js:1082:10)
24 silly fetchPackageMetaData     at emitOne (events.js:121:20)
24 silly fetchPackageMetaData     at Request.emit (events.js:211:7)
24 silly fetchPackageMetaData     at IncomingMessage.<anonymous> (/usr/share/npm/node_modules/request/request.js:1009:12)
24 silly fetchPackageMetaData  error for @types/short-uuid { Error: Not found : @types/short-uuid
24 silly fetchPackageMetaData     at makeError (/usr/share/npm/node_modules/npm-registry-client/lib/request.js:264:12)
24 silly fetchPackageMetaData     at CachingRegistryClient.<anonymous> (/usr/share/npm/node_modules/npm-registry-client/lib/request.js:252:14)
24 silly fetchPackageMetaData     at Request._callback (/usr/share/npm/node_modules/npm-registry-client/lib/request.js:172:14)
24 silly fetchPackageMetaData     at Request.self.callback (/usr/share/npm/node_modules/request/request.js:198:22)
24 silly fetchPackageMetaData     at emitTwo (events.js:126:13)
24 silly fetchPackageMetaData     at Request.emit (events.js:214:7)
24 silly fetchPackageMetaData     at Request.<anonymous> (/usr/share/npm/node_modules/request/request.js:1082:10)
24 silly fetchPackageMetaData     at emitOne (events.js:121:20)
24 silly fetchPackageMetaData     at Request.emit (events.js:211:7)
24 silly fetchPackageMetaData     at IncomingMessage.<anonymous> (/usr/share/npm/node_modules/request/request.js:1009:12) pkgid: '@types/short-uuid', statusCode: 404, code: 'E404' }
25 silly rollbackFailedOptional Starting
26 silly rollbackFailedOptional Finishing
27 silly runTopLevelLifecycles Starting
28 silly runTopLevelLifecycles Finishing
29 silly install printInstalled
30 verbose stack Error: Not found : @types/short-uuid
30 verbose stack     at makeError (/usr/share/npm/node_modules/npm-registry-client/lib/request.js:264:12)
30 verbose stack     at CachingRegistryClient.<anonymous> (/usr/share/npm/node_modules/npm-registry-client/lib/request.js:252:14)
30 verbose stack     at Request._callback (/usr/share/npm/node_modules/npm-registry-client/lib/request.js:172:14)
30 verbose stack     at Request.self.callback (/usr/share/npm/node_modules/request/request.js:198:22)
30 verbose stack     at emitTwo (events.js:126:13)
30 verbose stack     at Request.emit (events.js:214:7)
30 verbose stack     at Request.<anonymous> (/usr/share/npm/node_modules/request/request.js:1082:10)
30 verbose stack     at emitOne (events.js:121:20)
30 verbose stack     at Request.emit (events.js:211:7)
30 verbose stack     at IncomingMessage.<anonymous> (/usr/share/npm/node_modules/request/request.js:1009:12)
31 verbose statusCode 404
32 verbose pkgid @types/short-uuid
33 verbose cwd /home/user/Documents/WORK_SPACE/thesis/thesis4real.server
34 error Linux 5.3.0-46-generic
35 error argv "/usr/bin/node" "/usr/bin/npm" "i" "--save-dev" "@types/short-uuid"
36 error node v8.10.0
37 error npm  v3.5.2
38 error code E404
39 error 404 Not found : @types/short-uuid
40 error 404
41 error 404 '@types/short-uuid' is not in the npm registry.
42 error 404 You should bug the author to publish it (or use the name yourself!)
43 error 404 Note that you can also install from a
44 error 404 tarball, folder, http url, or git url.
45 verbose exit [ 1, true ]
